<?xml version="1.0" encoding="UTF-8"?>
<!-- Generated by org.testng.reporters.JUnitReportReporter -->
<testsuite skipped="0" hostname="SPITTALA-DEV-L" name="tpack.ClassOne" tests="1" failures="0" timestamp="2022-04-12T20:48:20 IST" time="3.594" errors="0">
  <testcase name="add" time="3.594" classname="tpack.ClassOne"/>
  <system-out/>
</testsuite> <!-- tpack.ClassOne -->
